<?xml version="1.0" encoding="UTF-8"?>
<!-- Generated by org.testng.reporters.JUnitXMLReporter -->
<testsuite hostname="StutiShatabdee" ignored="5" name="Personal loan" tests="3" failures="0" timestamp="2020-05-10T22:16:45 EDT" time="0.08" errors="0">
  <testcase name="testcase1" time="0.011" classname="Test.Basics"/>
  <testcase name="testcase3" time="0.001" classname="Test.Basics2"/>
  <testcase name="testcase4" time="0.001" classname="Test.Basics3"/>
  <testcase name="testcase14" time="0.0" classname="Test.Basics3">
    <ignored/>
  </testcase> <!-- testcase14 -->
  <testcase name="testcase5" time="0.0" classname="Test.Basics3">
    <ignored/>
  </testcase> <!-- testcase5 -->
  <testcase name="testcase16" time="0.0" classname="Test.Basics3">
    <ignored/>
  </testcase> <!-- testcase16 -->
  <testcase name="testcase15" time="0.0" classname="Test.Basics3">
    <ignored/>
  </testcase> <!-- testcase15 -->
  <testcase name="testcase2" time="0.0" classname="Test.Basics">
    <ignored/>
  </testcase> <!-- testcase2 -->
</testsuite> <!-- Personal loan -->
